<?xml version="1.0" encoding="UTF-8"?>
<testsuite xmlns:xsi="http://www.w3.org/2001/XMLSchema-instance" xsi:noNamespaceSchemaLocation="https://maven.apache.org/surefire/maven-surefire-plugin/xsd/surefire-test-report-3.0.xsd" version="3.0" name="com.tau.runner.RunCucumberTests" time="54.069" tests="8" errors="0" skipped="0" failures="0">
  <properties>
    <property name="awt.toolkit" value="sun.awt.X11.XToolkit"/>
    <property name="file.encoding.pkg" value="sun.io"/>
    <property name="java.specification.version" value="1.8"/>
    <property name="sun.cpu.isalist" value=""/>
    <property name="sun.jnu.encoding" value="UTF-8"/>
    <property name="java.class.path" value="/home/runner/work/github-actions-testing/github-actions-testing/target/test-classes:/home/runner/work/github-actions-testing/github-actions-testing/target/classes:/home/runner/.m2/repository/io/cucumber/cucumber-java/6.1.1/cucumber-java-6.1.1.jar:/home/runner/.m2/repository/io/cucumber/cucumber-core/6.1.1/cucumber-core-6.1.1.jar:/home/runner/.m2/repository/io/cucumber/cucumber-gherkin/6.1.1/cucumber-gherkin-6.1.1.jar:/home/runner/.m2/repository/io/cucumber/cucumber-gherkin-messages/6.1.1/cucumber-gherkin-messages-6.1.1.jar:/home/runner/.m2/repository/io/cucumber/messages/12.1.1/messages-12.1.1.jar:/home/runner/.m2/repository/io/cucumber/tag-expressions/3.0.0/tag-expressions-3.0.0.jar:/home/runner/.m2/repository/io/cucumber/cucumber-expressions/10.2.0/cucumber-expressions-10.2.0.jar:/home/runner/.m2/repository/io/cucumber/datatable/3.3.1/datatable-3.3.1.jar:/home/runner/.m2/repository/io/cucumber/cucumber-plugin/6.1.1/cucumber-plugin-6.1.1.jar:/home/runner/.m2/repository/io/cucumber/docstring/6.1.1/docstring-6.1.1.jar:/home/runner/.m2/repository/io/cucumber/html-formatter/6.0.3/html-formatter-6.0.3.jar:/home/runner/.m2/repository/org/apiguardian/apiguardian-api/1.1.0/apiguardian-api-1.1.0.jar:/home/runner/.m2/repository/io/cucumber/cucumber-junit/6.0.0/cucumber-junit-6.0.0.jar:/home/runner/.m2/repository/org/seleniumhq/selenium/selenium-java/3.141.59/selenium-java-3.141.59.jar:/home/runner/.m2/repository/org/seleniumhq/selenium/selenium-api/3.141.59/selenium-api-3.141.59.jar:/home/runner/.m2/repository/org/seleniumhq/selenium/selenium-chrome-driver/3.141.59/selenium-chrome-driver-3.141.59.jar:/home/runner/.m2/repository/org/seleniumhq/selenium/selenium-edge-driver/3.141.59/selenium-edge-driver-3.141.59.jar:/home/runner/.m2/repository/org/seleniumhq/selenium/selenium-firefox-driver/3.141.59/selenium-firefox-driver-3.141.59.jar:/home/runner/.m2/repository/org/seleniumhq/selenium/selenium-ie-driver/3.141.59/selenium-ie-driver-3.141.59.jar:/home/runner/.m2/repository/org/seleniumhq/selenium/selenium-opera-driver/3.141.59/selenium-opera-driver-3.141.59.jar:/home/runner/.m2/repository/org/seleniumhq/selenium/selenium-remote-driver/3.141.59/selenium-remote-driver-3.141.59.jar:/home/runner/.m2/repository/org/seleniumhq/selenium/selenium-safari-driver/3.141.59/selenium-safari-driver-3.141.59.jar:/home/runner/.m2/repository/org/seleniumhq/selenium/selenium-support/3.141.59/selenium-support-3.141.59.jar:/home/runner/.m2/repository/net/bytebuddy/byte-buddy/1.8.15/byte-buddy-1.8.15.jar:/home/runner/.m2/repository/org/apache/commons/commons-exec/1.3/commons-exec-1.3.jar:/home/runner/.m2/repository/com/google/guava/guava/25.0-jre/guava-25.0-jre.jar:/home/runner/.m2/repository/com/google/code/findbugs/jsr305/1.3.9/jsr305-1.3.9.jar:/home/runner/.m2/repository/org/checkerframework/checker-compat-qual/2.0.0/checker-compat-qual-2.0.0.jar:/home/runner/.m2/repository/com/google/errorprone/error_prone_annotations/2.1.3/error_prone_annotations-2.1.3.jar:/home/runner/.m2/repository/com/google/j2objc/j2objc-annotations/1.1/j2objc-annotations-1.1.jar:/home/runner/.m2/repository/org/codehaus/mojo/animal-sniffer-annotations/1.14/animal-sniffer-annotations-1.14.jar:/home/runner/.m2/repository/com/squareup/okhttp3/okhttp/3.11.0/okhttp-3.11.0.jar:/home/runner/.m2/repository/com/squareup/okio/okio/1.14.0/okio-1.14.0.jar:/home/runner/.m2/repository/junit/junit/4.13/junit-4.13.jar:/home/runner/.m2/repository/org/hamcrest/hamcrest-core/1.3/hamcrest-core-1.3.jar:/home/runner/.m2/repository/io/cucumber/cucumber-picocontainer/5.0.0/cucumber-picocontainer-5.0.0.jar:/home/runner/.m2/repository/org/picocontainer/picocontainer/2.15/picocontainer-2.15.jar:/home/runner/.m2/repository/io/github/bonigarcia/webdrivermanager/4.0.0/webdrivermanager-4.0.0.jar:/home/runner/.m2/repository/org/slf4j/slf4j-api/1.7.30/slf4j-api-1.7.30.jar:/home/runner/.m2/repository/commons-io/commons-io/2.6/commons-io-2.6.jar:/home/runner/.m2/repository/com/google/code/gson/gson/2.8.6/gson-2.8.6.jar:/home/runner/.m2/repository/org/apache/commons/commons-lang3/3.10/commons-lang3-3.10.jar:/home/runner/.m2/repository/org/apache/httpcomponents/client5/httpclient5/5.0/httpclient5-5.0.jar:/home/runner/.m2/repository/org/apache/httpcomponents/core5/httpcore5/5.0/httpcore5-5.0.jar:/home/runner/.m2/repository/org/apache/httpcomponents/core5/httpcore5-h2/5.0/httpcore5-h2-5.0.jar:/home/runner/.m2/repository/commons-codec/commons-codec/1.13/commons-codec-1.13.jar:/home/runner/.m2/repository/org/rauschig/jarchivelib/1.0.0/jarchivelib-1.0.0.jar:/home/runner/.m2/repository/org/apache/commons/commons-compress/1.18/commons-compress-1.18.jar:/home/runner/.m2/repository/org/jsoup/jsoup/1.13.1/jsoup-1.13.1.jar:"/>
    <property name="java.vm.vendor" value="Azul Systems, Inc."/>
    <property name="sun.arch.data.model" value="64"/>
    <property name="java.vendor.url" value="http://www.azulsystems.com/"/>
    <property name="user.timezone" value=""/>
    <property name="java.vm.specification.version" value="1.8"/>
    <property name="os.name" value="Linux"/>
    <property name="sun.java.launcher" value="SUN_STANDARD"/>
    <property name="sun.boot.library.path" value="/opt/hostedtoolcache/jdk/8.0.252/x64/jre/lib/amd64"/>
    <property name="sun.java.command" value="/home/runner/work/github-actions-testing/github-actions-testing/target/surefire/surefirebooter5071948245181659400.jar /home/runner/work/github-actions-testing/github-actions-testing/target/surefire 2020-07-09T07-43-45_492-jvmRun1 surefire4630217794913696591tmp surefire_03522373635060571345tmp"/>
    <property name="surefire.test.class.path" value="/home/runner/work/github-actions-testing/github-actions-testing/target/test-classes:/home/runner/work/github-actions-testing/github-actions-testing/target/classes:/home/runner/.m2/repository/io/cucumber/cucumber-java/6.1.1/cucumber-java-6.1.1.jar:/home/runner/.m2/repository/io/cucumber/cucumber-core/6.1.1/cucumber-core-6.1.1.jar:/home/runner/.m2/repository/io/cucumber/cucumber-gherkin/6.1.1/cucumber-gherkin-6.1.1.jar:/home/runner/.m2/repository/io/cucumber/cucumber-gherkin-messages/6.1.1/cucumber-gherkin-messages-6.1.1.jar:/home/runner/.m2/repository/io/cucumber/messages/12.1.1/messages-12.1.1.jar:/home/runner/.m2/repository/io/cucumber/tag-expressions/3.0.0/tag-expressions-3.0.0.jar:/home/runner/.m2/repository/io/cucumber/cucumber-expressions/10.2.0/cucumber-expressions-10.2.0.jar:/home/runner/.m2/repository/io/cucumber/datatable/3.3.1/datatable-3.3.1.jar:/home/runner/.m2/repository/io/cucumber/cucumber-plugin/6.1.1/cucumber-plugin-6.1.1.jar:/home/runner/.m2/repository/io/cucumber/docstring/6.1.1/docstring-6.1.1.jar:/home/runner/.m2/repository/io/cucumber/html-formatter/6.0.3/html-formatter-6.0.3.jar:/home/runner/.m2/repository/org/apiguardian/apiguardian-api/1.1.0/apiguardian-api-1.1.0.jar:/home/runner/.m2/repository/io/cucumber/cucumber-junit/6.0.0/cucumber-junit-6.0.0.jar:/home/runner/.m2/repository/org/seleniumhq/selenium/selenium-java/3.141.59/selenium-java-3.141.59.jar:/home/runner/.m2/repository/org/seleniumhq/selenium/selenium-api/3.141.59/selenium-api-3.141.59.jar:/home/runner/.m2/repository/org/seleniumhq/selenium/selenium-chrome-driver/3.141.59/selenium-chrome-driver-3.141.59.jar:/home/runner/.m2/repository/org/seleniumhq/selenium/selenium-edge-driver/3.141.59/selenium-edge-driver-3.141.59.jar:/home/runner/.m2/repository/org/seleniumhq/selenium/selenium-firefox-driver/3.141.59/selenium-firefox-driver-3.141.59.jar:/home/runner/.m2/repository/org/seleniumhq/selenium/selenium-ie-driver/3.141.59/selenium-ie-driver-3.141.59.jar:/home/runner/.m2/repository/org/seleniumhq/selenium/selenium-opera-driver/3.141.59/selenium-opera-driver-3.141.59.jar:/home/runner/.m2/repository/org/seleniumhq/selenium/selenium-remote-driver/3.141.59/selenium-remote-driver-3.141.59.jar:/home/runner/.m2/repository/org/seleniumhq/selenium/selenium-safari-driver/3.141.59/selenium-safari-driver-3.141.59.jar:/home/runner/.m2/repository/org/seleniumhq/selenium/selenium-support/3.141.59/selenium-support-3.141.59.jar:/home/runner/.m2/repository/net/bytebuddy/byte-buddy/1.8.15/byte-buddy-1.8.15.jar:/home/runner/.m2/repository/org/apache/commons/commons-exec/1.3/commons-exec-1.3.jar:/home/runner/.m2/repository/com/google/guava/guava/25.0-jre/guava-25.0-jre.jar:/home/runner/.m2/repository/com/google/code/findbugs/jsr305/1.3.9/jsr305-1.3.9.jar:/home/runner/.m2/repository/org/checkerframework/checker-compat-qual/2.0.0/checker-compat-qual-2.0.0.jar:/home/runner/.m2/repository/com/google/errorprone/error_prone_annotations/2.1.3/error_prone_annotations-2.1.3.jar:/home/runner/.m2/repository/com/google/j2objc/j2objc-annotations/1.1/j2objc-annotations-1.1.jar:/home/runner/.m2/repository/org/codehaus/mojo/animal-sniffer-annotations/1.14/animal-sniffer-annotations-1.14.jar:/home/runner/.m2/repository/com/squareup/okhttp3/okhttp/3.11.0/okhttp-3.11.0.jar:/home/runner/.m2/repository/com/squareup/okio/okio/1.14.0/okio-1.14.0.jar:/home/runner/.m2/repository/junit/junit/4.13/junit-4.13.jar:/home/runner/.m2/repository/org/hamcrest/hamcrest-core/1.3/hamcrest-core-1.3.jar:/home/runner/.m2/repository/io/cucumber/cucumber-picocontainer/5.0.0/cucumber-picocontainer-5.0.0.jar:/home/runner/.m2/repository/org/picocontainer/picocontainer/2.15/picocontainer-2.15.jar:/home/runner/.m2/repository/io/github/bonigarcia/webdrivermanager/4.0.0/webdrivermanager-4.0.0.jar:/home/runner/.m2/repository/org/slf4j/slf4j-api/1.7.30/slf4j-api-1.7.30.jar:/home/runner/.m2/repository/commons-io/commons-io/2.6/commons-io-2.6.jar:/home/runner/.m2/repository/com/google/code/gson/gson/2.8.6/gson-2.8.6.jar:/home/runner/.m2/repository/org/apache/commons/commons-lang3/3.10/commons-lang3-3.10.jar:/home/runner/.m2/repository/org/apache/httpcomponents/client5/httpclient5/5.0/httpclient5-5.0.jar:/home/runner/.m2/repository/org/apache/httpcomponents/core5/httpcore5/5.0/httpcore5-5.0.jar:/home/runner/.m2/repository/org/apache/httpcomponents/core5/httpcore5-h2/5.0/httpcore5-h2-5.0.jar:/home/runner/.m2/repository/commons-codec/commons-codec/1.13/commons-codec-1.13.jar:/home/runner/.m2/repository/org/rauschig/jarchivelib/1.0.0/jarchivelib-1.0.0.jar:/home/runner/.m2/repository/org/apache/commons/commons-compress/1.18/commons-compress-1.18.jar:/home/runner/.m2/repository/org/jsoup/jsoup/1.13.1/jsoup-1.13.1.jar:"/>
    <property name="sun.cpu.endian" value="little"/>
    <property name="user.home" value="/home/runner"/>
    <property name="user.language" value="en"/>
    <property name="java.specification.vendor" value="Oracle Corporation"/>
    <property name="java.home" value="/opt/hostedtoolcache/jdk/8.0.252/x64/jre"/>
    <property name="basedir" value="/home/runner/work/github-actions-testing/github-actions-testing"/>
    <property name="file.separator" value="/"/>
    <property name="line.separator" value="&#10;"/>
    <property name="jdk.vendor.version" value="Zulu 8.46.0.19-CA-linux64"/>
    <property name="java.vm.specification.vendor" value="Oracle Corporation"/>
    <property name="java.specification.name" value="Java Platform API Specification"/>
    <property name="java.awt.graphicsenv" value="sun.awt.X11GraphicsEnvironment"/>
    <property name="surefire.real.class.path" value="/home/runner/work/github-actions-testing/github-actions-testing/target/surefire/surefirebooter5071948245181659400.jar"/>
    <property name="sun.boot.class.path" value="/opt/hostedtoolcache/jdk/8.0.252/x64/jre/lib/resources.jar:/opt/hostedtoolcache/jdk/8.0.252/x64/jre/lib/rt.jar:/opt/hostedtoolcache/jdk/8.0.252/x64/jre/lib/sunrsasign.jar:/opt/hostedtoolcache/jdk/8.0.252/x64/jre/lib/jsse.jar:/opt/hostedtoolcache/jdk/8.0.252/x64/jre/lib/jce.jar:/opt/hostedtoolcache/jdk/8.0.252/x64/jre/lib/charsets.jar:/opt/hostedtoolcache/jdk/8.0.252/x64/jre/lib/jfr.jar:/opt/hostedtoolcache/jdk/8.0.252/x64/jre/classes"/>
    <property name="sun.management.compiler" value="HotSpot 64-Bit Tiered Compilers"/>
    <property name="java.runtime.version" value="1.8.0_252-b14"/>
    <property name="user.name" value="runner"/>
    <property name="path.separator" value=":"/>
    <property name="os.version" value="5.3.0-1031-azure"/>
    <property name="java.endorsed.dirs" value="/opt/hostedtoolcache/jdk/8.0.252/x64/jre/lib/endorsed"/>
    <property name="java.runtime.name" value="OpenJDK Runtime Environment"/>
    <property name="file.encoding" value="UTF-8"/>
    <property name="java.vm.name" value="OpenJDK 64-Bit Server VM"/>
    <property name="localRepository" value="/home/runner/.m2/repository"/>
    <property name="java.vendor.url.bug" value="http://www.azulsystems.com/support/"/>
    <property name="java.io.tmpdir" value="/tmp"/>
    <property name="java.version" value="1.8.0_252"/>
    <property name="user.dir" value="/home/runner/work/github-actions-testing/github-actions-testing"/>
    <property name="os.arch" value="amd64"/>
    <property name="java.vm.specification.name" value="Java Virtual Machine Specification"/>
    <property name="java.awt.printerjob" value="sun.print.PSPrinterJob"/>
    <property name="sun.os.patch.level" value="unknown"/>
    <property name="java.library.path" value="/usr/java/packages/lib/amd64:/usr/lib64:/lib64:/lib:/usr/lib"/>
    <property name="java.vm.info" value="mixed mode"/>
    <property name="java.vendor" value="Azul Systems, Inc."/>
    <property name="java.vm.version" value="25.252-b14"/>
    <property name="java.ext.dirs" value="/opt/hostedtoolcache/jdk/8.0.252/x64/jre/lib/ext:/usr/java/packages/lib/ext"/>
    <property name="sun.io.unicode.encoding" value="UnicodeLittle"/>
    <property name="java.class.version" value="52.0"/>
  </properties>
  <testcase name="Bill Pay" classname="Bill Pay Functionality" time="14.69"/>
  <testcase name="Login Successful" classname="Login Functionality" time="3.948"/>
  <testcase name="Login Unsuccessful" classname="Login Functionality" time="3.338"/>
  <testcase name="Login With Test Data" classname="Login Functionality With Test Data" time="2.887"/>
  <testcase name="Login With Test Data" classname="Login Functionality With Test Data" time="2.501"/>
  <testcase name="Login With Test Data" classname="Login Functionality With Test Data" time="3.12"/>
  <testcase name="Open New Account" classname="Open New Account Functionality" time="7.751"/>
  <testcase name="Register Successful" classname="Register Functionality" time="15.221"/>
</testsuite>